# JRE version: Java(TM) SE Runtime Environment (8.0_60-b27) (build 1.8.0_60-b27)
# Java VM: Java HotSpot(TM) 64-Bit Server VM (25.60-b23 mixed mode bsd-amd64 compressed oops)
Heap:
 par new generation   total 39424K, used 1311K [0x0000000780000000, 0x0000000782ac0000, 0x0000000795550000)
  eden space 35072K,   3% used [0x0000000780000000, 0x0000000780147c38, 0x0000000782240000)
  from space 4352K,   0% used [0x0000000782240000, 0x0000000782240000, 0x0000000782680000)
  to   space 4352K,   0% used [0x0000000782680000, 0x0000000782680000, 0x0000000782ac0000)
 concurrent mark-sweep generation total 87424K, used 2521K [0x0000000795550000, 0x000000079aab0000, 0x00000007c0000000)
 Metaspace       used 9087K, capacity 9258K, committed 9600K, reserved 1058816K
  class space    used 950K, capacity 1019K, committed 1152K, reserved 1048576K
GC Heap History (10 events):
Event: 11177.077 GC heap before
{Heap before GC invocations=127 (full 127):
 par new generation   total 39424K, used 0K [0x0000000780000000, 0x0000000782ac0000, 0x0000000795550000)
  eden space 35072K,   0% used [0x0000000780000000, 0x0000000780000000, 0x0000000782240000)
  from space 4352K,   0% used [0x0000000782240000, 0x0000000782240000, 0x0000000782680000)
  to   space 4352K,   0% used [0x0000000782680000, 0x0000000782680000, 0x0000000782ac0000)
 concurrent mark-sweep generation total 87424K, used 2431K [0x0000000795550000, 0x000000079aab0000, 0x00000007c0000000)
 Metaspace       used 8847K, capacity 9002K, committed 9344K, reserved 1056768K
  class space    used 936K, capacity 1019K, committed 1152K, reserved 1048576K
Event: 11177.086 GC heap after
Heap after GC invocations=128 (full 128):
 par new generation   total 39424K, used 0K [0x0000000780000000, 0x0000000782ac0000, 0x0000000795550000)
  eden space 35072K,   0% used [0x0000000780000000, 0x0000000780000000, 0x0000000782240000)
  from space 4352K,   0% used [0x0000000782240000, 0x0000000782240000, 0x0000000782680000)
  to   space 4352K,   0% used [0x0000000782680000, 0x0000000782680000, 0x0000000782ac0000)
 concurrent mark-sweep generation total 87424K, used 2431K [0x0000000795550000, 0x000000079aab0000, 0x00000007c0000000)
 Metaspace       used 8847K, capacity 9002K, committed 9344K, reserved 1056768K
  class space    used 936K, capacity 1019K, committed 1152K, reserved 1048576K
}
Event: 18887.400 GC heap before
{Heap before GC invocations=128 (full 128):
 par new generation   total 39424K, used 4589K [0x0000000780000000, 0x0000000782ac0000, 0x0000000795550000)
  eden space 35072K,  13% used [0x0000000780000000, 0x000000078047b4b0, 0x0000000782240000)
  from space 4352K,   0% used [0x0000000782240000, 0x0000000782240000, 0x0000000782680000)
  to   space 4352K,   0% used [0x0000000782680000, 0x0000000782680000, 0x0000000782ac0000)
 concurrent mark-sweep generation total 87424K, used 2431K [0x0000000795550000, 0x000000079aab0000, 0x00000007c0000000)
 Metaspace       used 8848K, capacity 9002K, committed 9344K, reserved 1056768K
  class space    used 936K, capacity 1019K, committed 1152K, reserved 1048576K
Event: 18887.418 GC heap after
Heap after GC invocations=129 (full 129):
 par new generation   total 39424K, used 0K [0x0000000780000000, 0x0000000782ac0000, 0x0000000795550000)
  eden space 35072K,   0% used [0x0000000780000000, 0x0000000780000000, 0x0000000782240000)
  from space 4352K,   0% used [0x0000000782240000, 0x0000000782240000, 0x0000000782680000)
  to   space 4352K,   0% used [0x0000000782680000, 0x0000000782680000, 0x0000000782ac0000)
 concurrent mark-sweep generation total 87424K, used 2431K [0x0000000795550000, 0x000000079aab0000, 0x00000007c0000000)
 Metaspace       used 8848K, capacity 9002K, committed 9344K, reserved 1056768K
  class space    used 936K, capacity 1019K, committed 1152K, reserved 1048576K
}
Event: 18887.418 GC heap before
{Heap before GC invocations=129 (full 129):
 par new generation   total 39424K, used 0K [0x0000000780000000, 0x0000000782ac0000, 0x0000000795550000)
  eden space 35072K,   0% used [0x0000000780000000, 0x0000000780000000, 0x0000000782240000)
  from space 4352K,   0% used [0x0000000782240000, 0x0000000782240000, 0x0000000782680000)
  to   space 4352K,   0% used [0x0000000782680000, 0x0000000782680000, 0x0000000782ac0000)
 concurrent mark-sweep generation total 87424K, used 2431K [0x0000000795550000, 0x000000079aab0000, 0x00000007c0000000)
 Metaspace       used 8848K, capacity 9002K, committed 9344K, reserved 1056768K
  class space    used 936K, capacity 1019K, committed 1152K, reserved 1048576K
Event: 18887.427 GC heap after
Heap after GC invocations=130 (full 130):
 par new generation   total 39424K, used 0K [0x0000000780000000, 0x0000000782ac0000, 0x0000000795550000)
  eden space 35072K,   0% used [0x0000000780000000, 0x0000000780000000, 0x0000000782240000)
  from space 4352K,   0% used [0x0000000782240000, 0x0000000782240000, 0x0000000782680000)
  to   space 4352K,   0% used [0x0000000782680000, 0x0000000782680000, 0x0000000782ac0000)
 concurrent mark-sweep generation total 87424K, used 2431K [0x0000000795550000, 0x000000079aab0000, 0x00000007c0000000)
 Metaspace       used 8848K, capacity 9002K, committed 9344K, reserved 1056768K
  class space    used 936K, capacity 1019K, committed 1152K, reserved 1048576K
}
Event: 23337.069 GC heap before
{Heap before GC invocations=130 (full 130):
 par new generation   total 39424K, used 6952K [0x0000000780000000, 0x0000000782ac0000, 0x0000000795550000)
  eden space 35072K,  19% used [0x0000000780000000, 0x00000007806ca240, 0x0000000782240000)
  from space 4352K,   0% used [0x0000000782240000, 0x0000000782240000, 0x0000000782680000)
  to   space 4352K,   0% used [0x0000000782680000, 0x0000000782680000, 0x0000000782ac0000)
 concurrent mark-sweep generation total 87424K, used 2431K [0x0000000795550000, 0x000000079aab0000, 0x00000007c0000000)
 Metaspace       used 9105K, capacity 9288K, committed 9600K, reserved 1058816K
  class space    used 952K, capacity 1024K, committed 1152K, reserved 1048576K
Event: 23337.119 GC heap after
Heap after GC invocations=131 (full 131):
 par new generation   total 39424K, used 0K [0x0000000780000000, 0x0000000782ac0000, 0x0000000795550000)
  eden space 35072K,   0% used [0x0000000780000000, 0x0000000780000000, 0x0000000782240000)
  from space 4352K,   0% used [0x0000000782240000, 0x0000000782240000, 0x0000000782680000)
  to   space 4352K,   0% used [0x0000000782680000, 0x0000000782680000, 0x0000000782ac0000)
 concurrent mark-sweep generation total 87424K, used 2590K [0x0000000795550000, 0x000000079aab0000, 0x00000007c0000000)
 Metaspace       used 9105K, capacity 9288K, committed 9600K, reserved 1058816K
  class space    used 952K, capacity 1024K, committed 1152K, reserved 1048576K
}
Event: 23337.119 GC heap before
{Heap before GC invocations=131 (full 131):
 par new generation   total 39424K, used 0K [0x0000000780000000, 0x0000000782ac0000, 0x0000000795550000)
  eden space 35072K,   0% used [0x0000000780000000, 0x0000000780000000, 0x0000000782240000)
  from space 4352K,   0% used [0x0000000782240000, 0x0000000782240000, 0x0000000782680000)
  to   space 4352K,   0% used [0x0000000782680000, 0x0000000782680000, 0x0000000782ac0000)
 concurrent mark-sweep generation total 87424K, used 2590K [0x0000000795550000, 0x000000079aab0000, 0x00000007c0000000)
 Metaspace       used 9105K, capacity 9288K, committed 9600K, reserved 1058816K
  class space    used 952K, capacity 1024K, committed 1152K, reserved 1048576K
Event: 23337.131 GC heap after
Heap after GC invocations=132 (full 132):
 par new generation   total 39424K, used 0K [0x0000000780000000, 0x0000000782ac0000, 0x0000000795550000)
  eden space 35072K,   0% used [0x0000000780000000, 0x0000000780000000, 0x0000000782240000)
  from space 4352K,   0% used [0x0000000782240000, 0x0000000782240000, 0x0000000782680000)
  to   space 4352K,   0% used [0x0000000782680000, 0x0000000782680000, 0x0000000782ac0000)
 concurrent mark-sweep generation total 87424K, used 2521K [0x0000000795550000, 0x000000079aab0000, 0x00000007c0000000)
 Metaspace       used 9087K, capacity 9258K, committed 9600K, reserved 1058816K
  class space    used 950K, capacity 1019K, committed 1152K, reserved 1048576K
}

